<?xml version="1.0" encoding="utf-8"?><testsuites name="pytest tests"><testsuite name="pytest" errors="0" failures="0" skipped="0" tests="5" time="4.967" timestamp="2026-09-03T16:03:51.970906+00:00" hostname="agent-env-e720aba4-c852-4e3f-ac3d-78e6a8287d14"><testcase classname="tests.test_backend" name="test_health" time="0.403" /><testcase classname="tests.test_backend" name="test_fullstack_application" time="1.615" /><testcase classname="tests.test_backend" name="test_bootcamp_application" time="1.201" /><testcase classname="tests.test_backend" name="test_call_booking" time="0.954" /><testcase classname="tests.test_backend" name="test_admin_auth_rejects_bad_key" time="0.145" /></testsuite></testsuites>